  Compiling CUDA source file point_in_polyhedron_fast_gpu.cu...
  
  C:\Users\amm90.WIN2K\Desktop\EECE696Project\EECE696Project>"C:\Program Files\NVIDIA GPU Computing Toolkit\CUDA\v8.0\bin\nvcc.exe" -gencode=arch=compute_20,code=\"sm_20,compute_20\" --use-local-env --cl-version 2015 -ccbin "C:\Program Files (x86)\Microsoft Visual Studio 14.0\VC\bin\x86_amd64"  -I"C:\Program Files\Common Files\freeglut\include" -I"C:\Program Files\NVIDIA GPU Computing Toolkit\CUDA\v8.0\include" -I"C:\Program Files\NVIDIA GPU Computing Toolkit\CUDA\v8.0\include"     --keep-dir x64\Release -maxrregcount=0  --machine 64 --compile -cudart static     -DWIN32 -DWIN64 -DNDEBUG -D_CONSOLE -D_MBCS -Xcompiler "/EHsc /W3 /nologo /O2 /FS /Zi  /MD " -o x64\Release\point_in_polyhedron_fast_gpu.cu.obj "C:\Users\amm90.WIN2K\Desktop\EECE696Project\EECE696Project\point_in_polyhedron_fast_gpu.cu" 
c:\users\amm90.win2k\desktop\eece696project\eece696project\pip_helpers.cuh(848): warning : missing return statement at end of non-void function "compute_globally_cell_state"
c:\users\amm90.win2k\desktop\eece696project\eece696project\pip_helpers.cuh(866): warning : missing return statement at end of non-void function "compute_locally_point_state"
C:/Users/amm90.WIN2K/Desktop/EECE696Project/EECE696Project/point_in_polyhedron_fast_gpu.cu(193): warning : invalid narrowing conversion from "float" to "unsigned int"
C:/Users/amm90.WIN2K/Desktop/EECE696Project/EECE696Project/point_in_polyhedron_fast_gpu.cu(193): warning : invalid narrowing conversion from "float" to "unsigned int"
C:/Users/amm90.WIN2K/Desktop/EECE696Project/EECE696Project/point_in_polyhedron_fast_gpu.cu(193): warning : invalid narrowing conversion from "float" to "unsigned int"
C:/Users/amm90.WIN2K/Desktop/EECE696Project/EECE696Project/point_in_polyhedron_fast_gpu.cu(488): warning : variable "summation" was declared but never referenced
C:/Users/amm90.WIN2K/Desktop/EECE696Project/EECE696Project/point_in_polyhedron_fast_gpu.cu(491): warning : return type of function "main" must be "int"
C:/Users/amm90.WIN2K/Desktop/EECE696Project/EECE696Project/point_in_polyhedron_fast_gpu.cu(587): warning : variable "h_inside_points_count" was declared but never referenced
c:\users\amm90.win2k\desktop\eece696project\eece696project\pip_helpers.cuh(848): warning : missing return statement at end of non-void function "compute_globally_cell_state"
C:/Users/amm90.WIN2K/Desktop/EECE696Project/EECE696Project/point_in_polyhedron_fast_gpu.cu(193): warning : invalid narrowing conversion from "float" to "unsigned int"
C:/Users/amm90.WIN2K/Desktop/EECE696Project/EECE696Project/point_in_polyhedron_fast_gpu.cu(193): warning : invalid narrowing conversion from "float" to "unsigned int"
C:/Users/amm90.WIN2K/Desktop/EECE696Project/EECE696Project/point_in_polyhedron_fast_gpu.cu(193): warning : invalid narrowing conversion from "float" to "unsigned int"
C:/Users/amm90.WIN2K/Desktop/EECE696Project/EECE696Project/point_in_polyhedron_fast_gpu.cu(488): warning : variable "summation" was declared but never referenced
C:/Users/amm90.WIN2K/Desktop/EECE696Project/EECE696Project/point_in_polyhedron_fast_gpu.cu(491): warning : return type of function "main" must be "int"
C:/Users/amm90.WIN2K/Desktop/EECE696Project/EECE696Project/point_in_polyhedron_fast_gpu.cu(587): warning : variable "h_inside_points_count" was declared but never referenced
CUDACOMPILE : nvcc warning : The 'compute_20', 'sm_20', and 'sm_21' architectures are deprecated, and may be removed in a future release (Use -Wno-deprecated-gpu-targets to suppress warning).
  point_in_polyhedron_fast_gpu.cu
c:\users\amm90.win2k\desktop\eece696project\eece696project\pip_helpers.cuh(55): warning C4244: 'return': conversion from 'double' to 'float', possible loss of data
c:\users\amm90.win2k\desktop\eece696project\eece696project\pip_helpers.cuh(161): warning C4305: 'initializing': truncation from 'double' to 'float'
c:\users\amm90.win2k\desktop\eece696project\eece696project\pip_helpers.cuh(162): warning C4305: 'initializing': truncation from 'double' to 'float'
c:\users\amm90.win2k\desktop\eece696project\eece696project\pip_helpers.cuh(266): warning C4244: 'initializing': conversion from 'double' to 'float', possible loss of data
c:\users\amm90.win2k\desktop\eece696project\eece696project\pip_helpers.cuh(288): warning C4244: 'return': conversion from 'double' to 'float', possible loss of data
c:\users\amm90.win2k\desktop\eece696project\eece696project\pip_helpers.cuh(300): warning C4244: 'return': conversion from 'double' to 'float', possible loss of data
c:\users\amm90.win2k\desktop\eece696project\eece696project\pip_helpers.cuh(368): warning C4305: 'initializing': truncation from 'double' to 'float'
c:\users\amm90.win2k\desktop\eece696project\eece696project\pip_helpers.cuh(369): warning C4305: 'initializing': truncation from 'double' to 'float'
c:\users\amm90.win2k\desktop\eece696project\eece696project\pip_helpers.cuh(515): warning C4244: 'initializing': conversion from 'double' to 'float', possible loss of data
c:\users\amm90.win2k\desktop\eece696project\eece696project\pip_helpers.cuh(540): warning C4244: 'return': conversion from 'double' to 'float', possible loss of data
c:\users\amm90.win2k\desktop\eece696project\eece696project\pip_helpers.cuh(563): warning C4305: 'initializing': truncation from 'double' to 'float'
c:\users\amm90.win2k\desktop\eece696project\eece696project\pip_helpers.cuh(564): warning C4305: 'initializing': truncation from 'double' to 'float'
c:\users\amm90.win2k\desktop\eece696project\eece696project\pip_helpers.cuh(715): warning C4244: 'return': conversion from 'double' to 'float', possible loss of data
c:\users\amm90.win2k\desktop\eece696project\eece696project\pip_helpers.cuh(734): warning C4244: 'return': conversion from 'double' to 'float', possible loss of data
c:\users\amm90.win2k\desktop\eece696project\eece696project\pip_helpers.cuh(752): warning C4244: 'return': conversion from 'double' to 'float', possible loss of data
c:\users\amm90.win2k\desktop\eece696project\eece696project\pip_helpers.cuh(759): warning C4244: 'return': conversion from 'double' to 'float', possible loss of data
c:\users\amm90.win2k\desktop\eece696project\eece696project\pip_helpers.cuh(1036): warning C4018: '<': signed/unsigned mismatch
c:\users\amm90.win2k\desktop\eece696project\eece696project\pip_helpers.cuh(1037): warning C4244: 'argument': conversion from 'double' to 'float', possible loss of data
c:\users\amm90.win2k\desktop\eece696project\eece696project\pip_helpers.cuh(1050): warning C4018: '<': signed/unsigned mismatch
c:\users\amm90.win2k\desktop\eece696project\eece696project\grid_builder.cuh(156): warning C4305: 'argument': truncation from 'double' to 'float'
c:\users\amm90.win2k\desktop\eece696project\eece696project\grid_builder.cuh(158): warning C4244: '=': conversion from 'float' to 'unsigned int', possible loss of data
c:\users\amm90.win2k\desktop\eece696project\eece696project\grid_builder.cuh(159): warning C4244: '=': conversion from 'float' to 'unsigned int', possible loss of data
c:\users\amm90.win2k\desktop\eece696project\eece696project\grid_builder.cuh(160): warning C4244: '=': conversion from 'float' to 'unsigned int', possible loss of data
c:\users\amm90.win2k\desktop\eece696project\eece696project\grid_builder.cuh(578): warning C4244: 'argument': conversion from 'float' to 'unsigned int', possible loss of data
c:\users\amm90.win2k\desktop\eece696project\eece696project\grid_builder.cuh(628): warning C4244: 'argument': conversion from 'float' to 'unsigned int', possible loss of data
c:\users\amm90.win2k\desktop\eece696project\eece696project\grid_builder.cuh(661): warning C4244: 'argument': conversion from 'float' to 'unsigned int', possible loss of data
c:\users\amm90.win2k\desktop\eece696project\eece696project\grid_builder.cuh(689): warning C4244: 'argument': conversion from 'float' to 'unsigned int', possible loss of data
C:/Users/amm90.WIN2K/Desktop/EECE696Project/EECE696Project/point_in_polyhedron_fast_gpu.cu(385): warning C4244: 'argument': conversion from 'float' to 'unsigned int', possible loss of data
C:/Users/amm90.WIN2K/Desktop/EECE696Project/EECE696Project/point_in_polyhedron_fast_gpu.cu(410): warning C4244: 'argument': conversion from 'double' to 'unsigned int', possible loss of data
C:/Users/amm90.WIN2K/Desktop/EECE696Project/EECE696Project/point_in_polyhedron_fast_gpu.cu(434): warning C4305: 'argument': truncation from 'double' to 'float'
C:/Users/amm90.WIN2K/Desktop/EECE696Project/EECE696Project/point_in_polyhedron_fast_gpu.cu(437): warning C4305: 'argument': truncation from 'double' to 'float'
C:/Users/amm90.WIN2K/Desktop/EECE696Project/EECE696Project/point_in_polyhedron_fast_gpu.cu(438): warning C4305: 'argument': truncation from 'double' to 'float'
C:/Users/amm90.WIN2K/Desktop/EECE696Project/EECE696Project/point_in_polyhedron_fast_gpu.cu(439): warning C4305: 'argument': truncation from 'double' to 'float'
C:/Users/amm90.WIN2K/Desktop/EECE696Project/EECE696Project/point_in_polyhedron_fast_gpu.cu(440): warning C4305: 'argument': truncation from 'double' to 'float'
C:/Users/amm90.WIN2K/Desktop/EECE696Project/EECE696Project/point_in_polyhedron_fast_gpu.cu(441): warning C4305: 'argument': truncation from 'double' to 'float'
C:/Users/amm90.WIN2K/Desktop/EECE696Project/EECE696Project/point_in_polyhedron_fast_gpu.cu(442): warning C4305: 'argument': truncation from 'double' to 'float'
C:/Users/amm90.WIN2K/Desktop/EECE696Project/EECE696Project/point_in_polyhedron_fast_gpu.cu(447): warning C4244: 'argument': conversion from 'double' to 'unsigned int', possible loss of data
C:/Users/amm90.WIN2K/Desktop/EECE696Project/EECE696Project/point_in_polyhedron_fast_gpu.cu(533): warning C4244: 'argument': conversion from 'float' to 'unsigned int', possible loss of data
C:/Users/amm90.WIN2K/Desktop/EECE696Project/EECE696Project/point_in_polyhedron_fast_gpu.cu(550): warning C4244: 'argument': conversion from 'double' to 'unsigned int', possible loss of data
C:/Users/amm90.WIN2K/Desktop/EECE696Project/EECE696Project/point_in_polyhedron_fast_gpu.cu(592): warning C4244: 'argument': conversion from 'double' to 'unsigned int', possible loss of data
c:\users\amm90.win2k\desktop\eece696project\eece696project\pip_helpers.cuh(848): warning C4715: 'compute_globally_cell_state': not all control paths return a value
  LINK : /LTCG specified but no code generation required; remove /LTCG from the link command line to improve linker performance
  EECE696Project.vcxproj -> C:\Users\amm90.WIN2K\Desktop\EECE696Project\x64\Release\EECE696Project.exe
  EECE696Project.vcxproj -> C:\Users\amm90.WIN2K\Desktop\EECE696Project\x64\Release\EECE696Project.pdb (Full PDB)
  copy "C:\Program Files\NVIDIA GPU Computing Toolkit\CUDA\v8.0\bin\cudart*.dll" "C:\Users\amm90.WIN2K\Desktop\EECE696Project\x64\Release\"
  C:\Program Files\NVIDIA GPU Computing Toolkit\CUDA\v8.0\bin\cudart32_80.dll
  C:\Program Files\NVIDIA GPU Computing Toolkit\CUDA\v8.0\bin\cudart64_80.dll
          2 file(s) copied.
