  Compiling CUDA source file point_in_polyhedron_0.cu...
  
  C:\Users\amm90\Desktop\EECE696Project\EECE696Project>"C:\Program Files\NVIDIA GPU Computing Toolkit\CUDA\v8.0\bin\nvcc.exe" -gencode=arch=compute_20,code=\"sm_20,compute_20\" --use-local-env --cl-version 2015 -ccbin "C:\Program Files (x86)\Microsoft Visual Studio 14.0\VC\bin"  -I"C:\Program Files\NVIDIA GPU Computing Toolkit\CUDA\v8.0\include" -I"C:\Program Files\NVIDIA GPU Computing Toolkit\CUDA\v8.0\include"  -G   --keep-dir Debug -maxrregcount=0  --machine 32 --compile -cudart static  -g   -DWIN32 -D_DEBUG -D_CONSOLE -D_MBCS -Xcompiler "/EHsc /W3 /nologo /Od /FS /Zi /RTC1 /MDd " -o Debug\point_in_polyhedron_0.cu.obj "C:\Users\amm90\Desktop\EECE696Project\EECE696Project\point_in_polyhedron_0.cu" 
C:/Users/amm90/Desktop/EECE696Project/EECE696Project/point_in_polyhedron_0.cu(24): warning : parameter "triangles" was set but never used
C:/Users/amm90/Desktop/EECE696Project/EECE696Project/point_in_polyhedron_0.cu(24): warning : parameter "vertices" was set but never used
C:/Users/amm90/Desktop/EECE696Project/EECE696Project/point_in_polyhedron_0.cu(84): warning : variable "triangles" was declared but never referenced
C:/Users/amm90/Desktop/EECE696Project/EECE696Project/point_in_polyhedron_0.cu(85): warning : variable "vertices" was declared but never referenced
C:/Users/amm90/Desktop/EECE696Project/EECE696Project/point_in_polyhedron_0.cu(86): warning : variable "numv" was declared but never referenced
C:/Users/amm90/Desktop/EECE696Project/EECE696Project/point_in_polyhedron_0.cu(86): warning : variable "numtri" was declared but never referenced
C:/Users/amm90/Desktop/EECE696Project/EECE696Project/point_in_polyhedron_0.cu(87): warning : variable "filepath" was declared but never referenced
C:/Users/amm90/Desktop/EECE696Project/EECE696Project/point_in_polyhedron_0.cu(24): warning : parameter "triangles" was set but never used
C:/Users/amm90/Desktop/EECE696Project/EECE696Project/point_in_polyhedron_0.cu(24): warning : parameter "vertices" was set but never used
C:/Users/amm90/Desktop/EECE696Project/EECE696Project/point_in_polyhedron_0.cu(84): warning : variable "triangles" was declared but never referenced
C:/Users/amm90/Desktop/EECE696Project/EECE696Project/point_in_polyhedron_0.cu(85): warning : variable "vertices" was declared but never referenced
C:/Users/amm90/Desktop/EECE696Project/EECE696Project/point_in_polyhedron_0.cu(86): warning : variable "numv" was declared but never referenced
C:/Users/amm90/Desktop/EECE696Project/EECE696Project/point_in_polyhedron_0.cu(86): warning : variable "numtri" was declared but never referenced
C:/Users/amm90/Desktop/EECE696Project/EECE696Project/point_in_polyhedron_0.cu(87): warning : variable "filepath" was declared but never referenced
CUDACOMPILE : nvcc warning : The 'compute_20', 'sm_20', and 'sm_21' architectures are deprecated, and may be removed in a future release (Use -Wno-deprecated-gpu-targets to suppress warning).
  point_in_polyhedron_0.cu
C:/Users/amm90/Desktop/EECE696Project/EECE696Project/point_in_polyhedron_0.cu(86): warning C4101: 'numv': unreferenced local variable
C:/Users/amm90/Desktop/EECE696Project/EECE696Project/point_in_polyhedron_0.cu(86): warning C4101: 'numtri': unreferenced local variable
  obj.cc
c:\users\amm90\desktop\eece696project\eece696project\obj.h(19): warning C4018: '<': signed/unsigned mismatch
c:\users\amm90\desktop\eece696project\eece696project\obj.h(22): warning C4018: '<': signed/unsigned mismatch
c:\users\amm90\desktop\eece696project\eece696project\obj.h(32): warning C4018: '<': signed/unsigned mismatch
c:\users\amm90\desktop\eece696project\eece696project\obj.cc(89): warning C4018: '<': signed/unsigned mismatch
  misc.cc
  loadview.cpp
  Generating Code...
obj.obj : error LNK2019: unresolved external symbol __imp__glBegin@4 referenced in function "public: void __thiscall cObj::compileList(void)" (?compileList@cObj@@QAEXXZ)
obj.obj : error LNK2019: unresolved external symbol __imp__glCallList@4 referenced in function "public: void __thiscall cObj::render(void)" (?render@cObj@@QAEXXZ)
obj.obj : error LNK2019: unresolved external symbol __imp__glDeleteLists@8 referenced in function "public: __thiscall cObj::~cObj(void)" (??1cObj@@QAE@XZ)
obj.obj : error LNK2019: unresolved external symbol __imp__glEnd@0 referenced in function "public: void __thiscall cObj::compileList(void)" (?compileList@cObj@@QAEXXZ)
obj.obj : error LNK2019: unresolved external symbol __imp__glEndList@0 referenced in function "public: void __thiscall cObj::compileList(void)" (?compileList@cObj@@QAEXXZ)
obj.obj : error LNK2019: unresolved external symbol __imp__glGenLists@4 referenced in function "public: __thiscall cObj::cObj(class std::basic_string<char,struct std::char_traits<char>,class std::allocator<char> >)" (??0cObj@@QAE@V?$basic_string@DU?$char_traits@D@std@@V?$allocator@D@2@@std@@@Z)
obj.obj : error LNK2019: unresolved external symbol __imp__glNewList@8 referenced in function "public: void __thiscall cObj::compileList(void)" (?compileList@cObj@@QAEXXZ)
obj.obj : error LNK2019: unresolved external symbol __imp__glNormal3f@12 referenced in function "public: void __thiscall cObj::compileList(void)" (?compileList@cObj@@QAEXXZ)
obj.obj : error LNK2019: unresolved external symbol __imp__glVertex3f@12 referenced in function "public: void __thiscall cObj::compileList(void)" (?compileList@cObj@@QAEXXZ)
C:\Users\amm90\Desktop\EECE696Project\Debug\EECE696Project.exe : fatal error LNK1120: 9 unresolved externals
